

================================================================
== Synthesis Summary Report of 'depthwise'
================================================================
+ General Information: 
    * Date:           Mon Jun 27 16:03:29 2022
    * Version:        2020.2 (Build 3064766 on Wed Nov 18 09:12:47 MST 2020)
    * Project:        depthwise
    * Solution:       solution (Vivado IP Flow Target)
    * Product family: zynq
    * Target device:  xc7z020-clg400-1
    

+ Performance & Resource Estimates: 
    
    PS: '+' for module; 'o' for loop; '*' for dataflow
    +------------------------+------+-------+---------+-----------+----------+---------+------+----------+----------+--------+-----------+-----------+-----+
    |         Modules        | Issue|       | Latency |  Latency  | Iteration|         | Trip |          |          |        |           |           |     |
    |         & Loops        | Type | Slack | (cycles)|    (ns)   |  Latency | Interval| Count| Pipelined|   BRAM   |   DSP  |     FF    |    LUT    | URAM|
    +------------------------+------+-------+---------+-----------+----------+---------+------+----------+----------+--------+-----------+-----------+-----+
    |+ depthwise             |     -|  -0.39|    11679|  1.168e+05|         -|    11680|     -|        no|  68 (24%)|  6 (2%)|  2054 (1%)|  2043 (3%)|    -|
    | o SaveDWKernelNLOOP    |     -|  -7.30|       60|    600.000|        20|        -|     3|        no|         -|       -|          -|          -|    -|
    |  o SaveDWKernelYLOOP   |     -|  -7.30|       18|    180.000|         6|        -|     3|        no|         -|       -|          -|          -|    -|
    |   o SaveDWKernelXLOOP  |     -|  -7.30|        3|     30.000|         1|        1|     3|       yes|         -|       -|          -|          -|    -|
    | o SaveMapYLOOP         |     -|  -7.30|      156|  1.560e+03|        52|        -|     3|        no|         -|       -|          -|          -|    -|
    |  o SaveMapXLOOP        |     -|  -7.30|       50|    500.000|        10|        -|     5|        no|         -|       -|          -|          -|    -|
    |   o SaveMapNLOOP       |     -|  -7.30|        7|     70.000|         6|        1|     3|       yes|         -|       -|          -|          -|    -|
    | o DWOutYLOOP           |     -|  -7.30|    11460|  1.146e+05|      2292|        -|     5|        no|         -|       -|          -|          -|    -|
    |  o DWOutXLOOP          |     -|  -7.30|     2290|  2.290e+04|       458|        -|     5|        no|         -|       -|          -|          -|    -|
    |   o DWChannelLOOP      |     -|  -7.30|      456|  4.560e+03|       152|        -|     3|        no|         -|       -|          -|          -|    -|
    |    o DWKernelYLOOP     |     -|  -7.30|      150|  1.500e+03|        50|        -|     3|        no|         -|       -|          -|          -|    -|
    |     o DWKernelXLOOP    |     -|  -7.30|       48|    480.000|        16|        -|     3|        no|         -|       -|          -|          -|    -|
    +------------------------+------+-------+---------+-----------+----------+---------+------+----------+----------+--------+-----------+-----------+-----+

