

================================================================
== Synthesis Summary Report of 'conv'
================================================================
+ General Information: 
    * Date:           Mon Jun 27 15:39:17 2022
    * Version:        2020.2 (Build 3064766 on Wed Nov 18 09:12:47 MST 2020)
    * Project:        conv
    * Solution:       solution1 (Vivado IP Flow Target)
    * Product family: zynq
    * Target device:  xc7z020-clg400-1
    

+ Performance & Resource Estimates: 
    
    PS: '+' for module; 'o' for loop; '*' for dataflow
    +-----------------------+------+-------+---------+-----------+----------+---------+------+----------+--------+--------+-----------+-----------+-----+
    |        Modules        | Issue|       | Latency |  Latency  | Iteration|         | Trip |          |        |        |           |           |     |
    |        & Loops        | Type | Slack | (cycles)|    (ns)   |  Latency | Interval| Count| Pipelined|  BRAM  |   DSP  |     FF    |    LUT    | URAM|
    +-----------------------+------+-------+---------+-----------+----------+---------+------+----------+--------+--------+-----------+-----------+-----+
    |+ conv                 |     -|  -0.39|     8408|  8.408e+04|         -|     8409|     -|        no|  5 (1%)|  7 (3%)|  3890 (3%)|  3332 (6%)|    -|
    | o SaveFilterNLOOP     |     -|  -7.30|      124|  1.240e+03|        62|        -|     2|        no|       -|       -|          -|          -|    -|
    |  o SaveKernelNLOOP    |     -|  -7.30|       60|    600.000|        20|        -|     3|        no|       -|       -|          -|          -|    -|
    |   o SaveKernelYLOOP   |     -|  -7.30|       18|    180.000|         6|        -|     3|        no|       -|       -|          -|          -|    -|
    |    o SaveKernelXLOOP  |     -|  -7.30|        3|     30.000|         1|        1|     3|       yes|       -|       -|          -|          -|    -|
    | o SaveMapYLOOP        |     -|  -7.30|      171|  1.710e+03|        57|        -|     3|        no|       -|       -|          -|          -|    -|
    |  o SaveMapXLOOP       |     -|  -7.30|       55|    550.000|        11|        -|     5|        no|       -|       -|          -|          -|    -|
    |   o SaveMapNLOOP      |     -|  -7.30|        8|     80.000|         7|        1|     3|       yes|       -|       -|          -|          -|    -|
    | o OutYLOOP            |     -|  -7.30|     8110|  8.110e+04|      1622|        -|     5|        no|       -|       -|          -|          -|    -|
    |  o OutXLOOP           |     -|  -7.30|     1620|  1.620e+04|       324|        -|     5|        no|       -|       -|          -|          -|    -|
    |   o FilterLOOP        |     -|  -7.30|      322|  3.220e+03|       161|        -|     2|        no|       -|       -|          -|          -|    -|
    |    o KernelYLOOP      |     -|  -7.30|      159|  1.590e+03|        53|        -|     3|        no|       -|       -|          -|          -|    -|
    |     o KernelXLOOP     |     -|  -7.30|       51|    510.000|        17|        -|     3|        no|       -|       -|          -|          -|    -|
    |      o ChannelLOOP    |     -|  -7.30|       14|    140.000|        13|        1|     3|       yes|       -|       -|          -|          -|    -|
    +-----------------------+------+-------+---------+-----------+----------+---------+------+----------+--------+--------+-----------+-----------+-----+

