INFO: [HLS 200-10] Running '/media/miguel/NewVolume/Linux/Xilinx/Vitis_HLS/2020.2/bin/unwrapped/lnx64.o/vitis_hls'
INFO: [HLS 200-10] For user 'miguel' on host 'Victus' (Linux_x86_64 version 5.11.0-37-generic) on Fri Jun 24 23:18:26 WEST 2022
INFO: [HLS 200-10] On os Ubuntu 21.04
INFO: [HLS 200-10] In directory '/media/miguel/NewVolume/Linux/Thesis/Hardware/VitisHLS/HLSConvEngine/depthwise'
Sourcing Tcl script '/media/miguel/NewVolume/Linux/Thesis/Hardware/VitisHLS/HLSConvEngine/depthwise/depthwise/solution/csim.tcl'
INFO: [HLS 200-1510] Running: open_project depthwise 
INFO: [HLS 200-10] Opening project '/media/miguel/NewVolume/Linux/Thesis/Hardware/VitisHLS/HLSConvEngine/depthwise/depthwise'.
INFO: [HLS 200-1510] Running: set_top depthwise 
INFO: [HLS 200-1510] Running: add_files ../Sources/depthwise/depthwise.cpp 
INFO: [HLS 200-10] Adding design file '../Sources/depthwise/depthwise.cpp' to the project
INFO: [HLS 200-1510] Running: add_files ../Sources/depthwise/depthwiseParameters.h 
INFO: [HLS 200-10] Adding design file '../Sources/depthwise/depthwiseParameters.h' to the project
INFO: [HLS 200-1510] Running: add_files -tb ../Sources/depthwise/tb_depthwise.cpp -cflags -Wno-unknown-pragmas -csimflags -Wno-unknown-pragmas 
INFO: [HLS 200-10] Adding test bench file '../Sources/depthwise/tb_depthwise.cpp' to the project
INFO: [HLS 200-1510] Running: open_solution solution -flow_target vivado 
INFO: [HLS 200-10] Opening solution '/media/miguel/NewVolume/Linux/Thesis/Hardware/VitisHLS/HLSConvEngine/depthwise/depthwise/solution'.
INFO: [SYN 201-201] Setting up clock 'default' with a period of 10ns.
INFO: [HLS 200-10] Setting target device to 'xc7z020-clg400-1'
INFO: [HLS 200-1505] Using flow_target 'vivado'
Resolution: For help on HLS 200-1505 see www.xilinx.com/cgi-bin/docs/rdoc?v=2020.2;t=hls+guidance;d=200-1505.html
INFO: [HLS 200-1510] Running: set_part xc7z020-clg400-1 
INFO: [HLS 200-1510] Running: create_clock -period 10 -name default 
INFO: [HLS 200-1510] Running: set_directive_top -name depthwise depthwise 
INFO: [HLS 200-1510] Running: csim_design -quiet 
INFO: [SIM 211-2] *************** CSIM start ***************
INFO: [SIM 211-4] CSIM will launch GCC as the compiler.
   Compiling ../../../../../Sources/depthwise/tb_depthwise.cpp in debug mode
   Generating csim.exe
Beginning testbench
Sent Bias
Sent whole Filter
Sent whole Input Map
Output is: 
40 0 0 
0 0 0 
0 20 0 



123 96 69 
0 0 0 
0 0 0 



32 0 0 
126 100 106 
0 82 0 



The maximum depth reached by any of the 0 hls::stream() instances in the design is 126
INFO: [SIM 211-1] CSim done with 0 errors.
INFO: [SIM 211-3] *************** CSIM finish ***************
INFO: [HLS 200-111] Finished Command csim_design CPU user time: 1.3 seconds. CPU system time: 0.21 seconds. Elapsed time: 1.52 seconds; current allocated memory: 191.916 MB.
